0 info it worked if it ends with ok
1 verbose cli [ '/usr/bin/nodejs',
1 verbose cli   '/usr/bin/npm',
1 verbose cli   'install',
1 verbose cli   'grunt-contrib-jade-php',
1 verbose cli   '--save-dev' ]
2 info using npm@2.15.11
3 info using node@v4.6.2
4 verbose install initial load of /var/www/html/zs-hroznova/wp-content/themes/zs-hroznova/package.json
5 warn package.json tmp_test_grunt_jade_php@1.0.0 No repository field.
6 warn package.json tmp_test_grunt_jade_php@1.0.0 No README data
7 verbose installManyTop reading scoped package data from /var/www/html/zs-hroznova/wp-content/themes/zs-hroznova/node_modules/grunt/package.json
8 verbose installManyTop reading scoped package data from /var/www/html/zs-hroznova/wp-content/themes/zs-hroznova/node_modules/grunt-contrib-concat/package.json
9 verbose installManyTop reading scoped package data from /var/www/html/zs-hroznova/wp-content/themes/zs-hroznova/node_modules/grunt-contrib-connect/package.json
10 verbose installManyTop reading scoped package data from /var/www/html/zs-hroznova/wp-content/themes/zs-hroznova/node_modules/grunt-contrib-sass/package.json
11 verbose installManyTop reading scoped package data from /var/www/html/zs-hroznova/wp-content/themes/zs-hroznova/node_modules/grunt-contrib-watch/package.json
12 verbose readDependencies loading dependencies from /var/www/html/zs-hroznova/wp-content/themes/zs-hroznova/package.json
13 silly cache add args [ 'grunt-contrib-jade-php', null ]
14 verbose cache add spec grunt-contrib-jade-php
15 silly cache add parsed spec Result {
15 silly cache add   raw: 'grunt-contrib-jade-php',
15 silly cache add   scope: null,
15 silly cache add   name: 'grunt-contrib-jade-php',
15 silly cache add   rawSpec: '',
15 silly cache add   spec: 'latest',
15 silly cache add   type: 'tag' }
16 silly addNamed grunt-contrib-jade-php@latest
17 verbose addNamed "latest" is being treated as a dist-tag for grunt-contrib-jade-php
18 info addNameTag [ 'grunt-contrib-jade-php', 'latest' ]
19 silly mapToRegistry name grunt-contrib-jade-php
20 silly mapToRegistry using default registry
21 silly mapToRegistry registry https://registry.npmjs.org/
22 silly mapToRegistry data Result {
22 silly mapToRegistry   raw: 'grunt-contrib-jade-php',
22 silly mapToRegistry   scope: null,
22 silly mapToRegistry   name: 'grunt-contrib-jade-php',
22 silly mapToRegistry   rawSpec: '',
22 silly mapToRegistry   spec: 'latest',
22 silly mapToRegistry   type: 'tag' }
23 silly mapToRegistry uri https://registry.npmjs.org/grunt-contrib-jade-php
24 verbose addNameTag registry:https://registry.npmjs.org/grunt-contrib-jade-php not in flight; fetching
25 verbose request uri https://registry.npmjs.org/grunt-contrib-jade-php
26 verbose request no auth needed
27 info attempt registry request try #1 at 11:11:47 PM
28 verbose request id 031b235c153257c2
29 http request GET https://registry.npmjs.org/grunt-contrib-jade-php
30 http 200 https://registry.npmjs.org/grunt-contrib-jade-php
31 verbose headers { server: 'nginx/1.10.1',
31 verbose headers   'content-type': 'application/json',
31 verbose headers   'last-modified': 'Sat, 16 Jan 2016 21:04:31 GMT',
31 verbose headers   etag: 'W/"569ab05f-2a02"',
31 verbose headers   'content-encoding': 'gzip',
31 verbose headers   'cache-control': 'max-age=300',
31 verbose headers   'content-length': '2133',
31 verbose headers   'accept-ranges': 'bytes',
31 verbose headers   date: 'Sun, 27 Nov 2016 22:11:48 GMT',
31 verbose headers   via: '1.1 varnish',
31 verbose headers   age: '0',
31 verbose headers   connection: 'keep-alive',
31 verbose headers   'x-served-by': 'cache-fra1223-FRA',
31 verbose headers   'x-cache': 'MISS',
31 verbose headers   'x-cache-hits': '0',
31 verbose headers   'x-timer': 'S1480284708.080852,VS0,VE25',
31 verbose headers   vary: 'Accept-Encoding' }
32 silly get cb [ 200,
32 silly get   { server: 'nginx/1.10.1',
32 silly get     'content-type': 'application/json',
32 silly get     'last-modified': 'Sat, 16 Jan 2016 21:04:31 GMT',
32 silly get     etag: 'W/"569ab05f-2a02"',
32 silly get     'content-encoding': 'gzip',
32 silly get     'cache-control': 'max-age=300',
32 silly get     'content-length': '2133',
32 silly get     'accept-ranges': 'bytes',
32 silly get     date: 'Sun, 27 Nov 2016 22:11:48 GMT',
32 silly get     via: '1.1 varnish',
32 silly get     age: '0',
32 silly get     connection: 'keep-alive',
32 silly get     'x-served-by': 'cache-fra1223-FRA',
32 silly get     'x-cache': 'MISS',
32 silly get     'x-cache-hits': '0',
32 silly get     'x-timer': 'S1480284708.080852,VS0,VE25',
32 silly get     vary: 'Accept-Encoding' } ]
33 verbose get saving grunt-contrib-jade-php to /home/karel/.npm/registry.npmjs.org/grunt-contrib-jade-php/.cache.json
34 verbose correctMkdir /home/karel/.npm correctMkdir not in flight; initializing
35 silly addNameTag next cb for grunt-contrib-jade-php with tag latest
36 silly addNamed grunt-contrib-jade-php@0.0.5
37 verbose addNamed "0.0.5" is a plain semver version for grunt-contrib-jade-php
38 silly mapToRegistry name grunt-contrib-jade-php
39 silly mapToRegistry using default registry
40 silly mapToRegistry registry https://registry.npmjs.org/
41 silly mapToRegistry data Result {
41 silly mapToRegistry   raw: 'grunt-contrib-jade-php',
41 silly mapToRegistry   scope: null,
41 silly mapToRegistry   name: 'grunt-contrib-jade-php',
41 silly mapToRegistry   rawSpec: '',
41 silly mapToRegistry   spec: 'latest',
41 silly mapToRegistry   type: 'tag' }
42 silly mapToRegistry uri https://registry.npmjs.org/grunt-contrib-jade-php
43 verbose addRemoteTarball https://registry.npmjs.org/grunt-contrib-jade-php/-/grunt-contrib-jade-php-0.0.5.tgz not in flight; adding
44 verbose addRemoteTarball [ 'https://registry.npmjs.org/grunt-contrib-jade-php/-/grunt-contrib-jade-php-0.0.5.tgz',
44 verbose addRemoteTarball   '08280941207040395147e556094d36dc8a9feb5e' ]
45 info retry fetch attempt 1 at 11:11:48 PM
46 info attempt registry request try #1 at 11:11:48 PM
47 http fetch GET https://registry.npmjs.org/grunt-contrib-jade-php/-/grunt-contrib-jade-php-0.0.5.tgz
48 http fetch 200 https://registry.npmjs.org/grunt-contrib-jade-php/-/grunt-contrib-jade-php-0.0.5.tgz
49 silly fetchAndShaCheck shasum 08280941207040395147e556094d36dc8a9feb5e
50 verbose addTmpTarball /tmp/npm-4123-ff53be84/registry.npmjs.org/grunt-contrib-jade-php/-/grunt-contrib-jade-php-0.0.5.tgz not in flight; adding
51 verbose addTmpTarball already have metadata; skipping unpack for grunt-contrib-jade-php@0.0.5
52 verbose correctMkdir /home/karel/.npm correctMkdir not in flight; initializing
53 silly cache afterAdd grunt-contrib-jade-php@0.0.5
54 verbose afterAdd /home/karel/.npm/grunt-contrib-jade-php/0.0.5/package/package.json not in flight; writing
55 verbose correctMkdir /home/karel/.npm correctMkdir not in flight; initializing
56 verbose afterAdd /home/karel/.npm/grunt-contrib-jade-php/0.0.5/package/package.json written
57 silly install resolved [ { name: 'grunt-contrib-jade-php',
57 silly install resolved     description: 'Jade Template Engine for PHP, powered by tale-jade.',
57 silly install resolved     version: '0.0.5',
57 silly install resolved     homepage: 'https://github.com/clthck/grunt-contrib-jade-php',
57 silly install resolved     author: { name: 'clthck', email: 'joey.corleone92@yahoo.com' },
57 silly install resolved     repository:
57 silly install resolved      { type: 'git',
57 silly install resolved        url: 'git://github.com/clthck/grunt-contrib-jade-php.git' },
57 silly install resolved     bugs: { url: 'https://github.com/clthck/grunt-contrib-jade-php/issues' },
57 silly install resolved     licenses: [ [Object] ],
57 silly install resolved     main: 'Gruntfile.js',
57 silly install resolved     engines: { node: '>= 0.8.0' },
57 silly install resolved     scripts: { install: 'composer update', test: 'grunt test' },
57 silly install resolved     devDependencies:
57 silly install resolved      { 'grunt-contrib-jshint': '~0.6.0',
57 silly install resolved        'grunt-contrib-clean': '~0.4.0',
57 silly install resolved        'grunt-contrib-nodeunit': '~0.2.0',
57 silly install resolved        grunt: '~0.4.1',
57 silly install resolved        'grunt-release': '~0.6.0' },
57 silly install resolved     peerDependencies: { grunt: '~0.4.1' },
57 silly install resolved     keywords: [ 'gruntplugin', 'grunt', 'jade', 'template', 'php', 'jadephp' ],
57 silly install resolved     dependencies: { async: '~0.2.9' },
57 silly install resolved     directories: { test: 'test' },
57 silly install resolved     license: 'MIT',
57 silly install resolved     gitHead: 'a7e0ba2ecf59f0c35ac73f57461d891f3e326b04',
57 silly install resolved     _id: 'grunt-contrib-jade-php@0.0.5',
57 silly install resolved     _shasum: '08280941207040395147e556094d36dc8a9feb5e',
57 silly install resolved     _from: 'grunt-contrib-jade-php@latest',
57 silly install resolved     _npmVersion: '3.3.12',
57 silly install resolved     _nodeVersion: '5.2.0',
57 silly install resolved     _npmUser: { name: 'clthck', email: 'joey.corleone92@yahoo.com' },
57 silly install resolved     dist:
57 silly install resolved      { shasum: '08280941207040395147e556094d36dc8a9feb5e',
57 silly install resolved        tarball: 'https://registry.npmjs.org/grunt-contrib-jade-php/-/grunt-contrib-jade-php-0.0.5.tgz' },
57 silly install resolved     maintainers: [ [Object] ],
57 silly install resolved     _resolved: 'https://registry.npmjs.org/grunt-contrib-jade-php/-/grunt-contrib-jade-php-0.0.5.tgz' } ]
58 info install grunt-contrib-jade-php@0.0.5 into /var/www/html/zs-hroznova/wp-content/themes/zs-hroznova
59 info installOne grunt-contrib-jade-php@0.0.5
60 verbose installOne of grunt-contrib-jade-php to /var/www/html/zs-hroznova/wp-content/themes/zs-hroznova not in flight; installing
61 verbose correctMkdir /home/karel/.npm/_locks correctMkdir not in flight; initializing
62 verbose lock using /home/karel/.npm/_locks/grunt-contrib-jade-php-8887cab66ec9f60f.lock for /var/www/html/zs-hroznova/wp-content/themes/zs-hroznova/node_modules/grunt-contrib-jade-php
63 silly install write writing grunt-contrib-jade-php 0.0.5 to /var/www/html/zs-hroznova/wp-content/themes/zs-hroznova/node_modules/grunt-contrib-jade-php
64 verbose unbuild node_modules/grunt-contrib-jade-php
65 silly gentlyRm /var/www/html/zs-hroznova/wp-content/themes/zs-hroznova/node_modules/grunt-contrib-jade-php is being purged from base /var/www/html/zs-hroznova/wp-content/themes/zs-hroznova
66 verbose gentlyRm don't care about contents; nuking /var/www/html/zs-hroznova/wp-content/themes/zs-hroznova/node_modules/grunt-contrib-jade-php
67 verbose tar unpack /home/karel/.npm/grunt-contrib-jade-php/0.0.5/package.tgz
68 verbose tar unpacking to /var/www/html/zs-hroznova/wp-content/themes/zs-hroznova/node_modules/grunt-contrib-jade-php
69 silly gentlyRm /var/www/html/zs-hroznova/wp-content/themes/zs-hroznova/node_modules/grunt-contrib-jade-php is being purged
70 verbose gentlyRm don't care about contents; nuking /var/www/html/zs-hroznova/wp-content/themes/zs-hroznova/node_modules/grunt-contrib-jade-php
71 silly gunzTarPerm modes [ '775', '664' ]
72 silly gunzTarPerm extractEntry package.json
73 silly gunzTarPerm modified mode [ 'package.json', 438, 436 ]
74 silly gunzTarPerm extractEntry .npmignore
75 silly gunzTarPerm modified mode [ '.npmignore', 438, 436 ]
76 silly gunzTarPerm extractEntry README.md
77 silly gunzTarPerm modified mode [ 'README.md', 438, 436 ]
78 silly gunzTarPerm extractEntry Gruntfile.js
79 silly gunzTarPerm modified mode [ 'Gruntfile.js', 438, 436 ]
80 silly gunzTarPerm extractEntry bin/jadephp
81 silly gunzTarPerm modified mode [ 'bin/jadephp', 438, 436 ]
82 silly gunzTarPerm extractEntry LICENSE-MIT
83 silly gunzTarPerm modified mode [ 'LICENSE-MIT', 438, 436 ]
84 silly gunzTarPerm extractEntry composer.json
85 silly gunzTarPerm modified mode [ 'composer.json', 438, 436 ]
86 silly gunzTarPerm extractEntry composer.lock
87 silly gunzTarPerm modified mode [ 'composer.lock', 438, 436 ]
88 silly gunzTarPerm extractEntry .jshintrc
89 silly gunzTarPerm modified mode [ '.jshintrc', 438, 436 ]
90 silly gunzTarPerm extractEntry tasks/jadephp.js
91 silly gunzTarPerm modified mode [ 'tasks/jadephp.js', 438, 436 ]
92 silly gunzTarPerm extractEntry test/jadephp_test.js
93 silly gunzTarPerm modified mode [ 'test/jadephp_test.js', 438, 436 ]
94 silly gunzTarPerm extractEntry test/expected/basic.html
95 silly gunzTarPerm modified mode [ 'test/expected/basic.html', 438, 436 ]
96 silly gunzTarPerm extractEntry test/expected/invalidWrite.html
97 silly gunzTarPerm modified mode [ 'test/expected/invalidWrite.html', 438, 436 ]
98 silly gunzTarPerm extractEntry test/expected/php_code.html
99 silly gunzTarPerm modified mode [ 'test/expected/php_code.html', 438, 436 ]
100 silly gunzTarPerm extractEntry test/expected/unknown_filter.html
101 silly gunzTarPerm modified mode [ 'test/expected/unknown_filter.html', 438, 436 ]
102 silly gunzTarPerm extractEntry test/fixtures/basic.jade
103 silly gunzTarPerm modified mode [ 'test/fixtures/basic.jade', 438, 436 ]
104 silly gunzTarPerm extractEntry test/fixtures/invalid.jade
105 silly gunzTarPerm modified mode [ 'test/fixtures/invalid.jade', 438, 436 ]
106 silly gunzTarPerm extractEntry test/fixtures/php_code.jade
107 silly gunzTarPerm modified mode [ 'test/fixtures/php_code.jade', 438, 436 ]
108 silly gunzTarPerm extractEntry test/fixtures/unknown_filter.jade
109 silly gunzTarPerm modified mode [ 'test/fixtures/unknown_filter.jade', 438, 436 ]
110 verbose write writing to /var/www/html/zs-hroznova/wp-content/themes/zs-hroznova/node_modules/grunt-contrib-jade-php/package.json
111 info preinstall grunt-contrib-jade-php@0.0.5
112 verbose readDependencies loading dependencies from /var/www/html/zs-hroznova/wp-content/themes/zs-hroznova/node_modules/grunt-contrib-jade-php/package.json
113 silly prepareForInstallMany adding async@~0.2.9 from grunt-contrib-jade-php dependencies
114 silly prepareForInstallMany adding grunt@~0.4.1 from grunt-contrib-jade-php peerDependencies
115 warn peerDependencies The peer dependency grunt@~0.4.1 included from grunt-contrib-jade-php will no
116 warn peerDependencies longer be automatically installed to fulfill the peerDependency
117 warn peerDependencies in npm 3+. Your application will need to depend on it explicitly.
118 verbose readDependencies loading dependencies from /var/www/html/zs-hroznova/wp-content/themes/zs-hroznova/node_modules/grunt-contrib-jade-php/package.json
119 silly cache add args [ 'async@~0.2.9', null ]
120 verbose cache add spec async@~0.2.9
121 silly cache add parsed spec Result {
121 silly cache add   raw: 'async@~0.2.9',
121 silly cache add   scope: null,
121 silly cache add   name: 'async',
121 silly cache add   rawSpec: '~0.2.9',
121 silly cache add   spec: '>=0.2.9 <0.3.0',
121 silly cache add   type: 'range' }
122 silly addNamed async@>=0.2.9 <0.3.0
123 verbose addNamed ">=0.2.9 <0.3.0" is a valid semver range for async
124 silly addNameRange { name: 'async', range: '>=0.2.9 <0.3.0', hasData: false }
125 silly mapToRegistry name async
126 silly mapToRegistry using default registry
127 silly mapToRegistry registry https://registry.npmjs.org/
128 silly mapToRegistry data Result {
128 silly mapToRegistry   raw: 'async',
128 silly mapToRegistry   scope: null,
128 silly mapToRegistry   name: 'async',
128 silly mapToRegistry   rawSpec: '',
128 silly mapToRegistry   spec: 'latest',
128 silly mapToRegistry   type: 'tag' }
129 silly mapToRegistry uri https://registry.npmjs.org/async
130 verbose addNameRange registry:https://registry.npmjs.org/async not in flight; fetching
131 verbose request uri https://registry.npmjs.org/async
132 verbose request no auth needed
133 info attempt registry request try #1 at 11:11:48 PM
134 verbose etag "ECXFZ8CYPR94VC4MFYEWLPFLI"
135 http request GET https://registry.npmjs.org/async
136 http 200 https://registry.npmjs.org/async
137 verbose headers { server: 'nginx/1.10.1',
137 verbose headers   'content-type': 'application/json',
137 verbose headers   'last-modified': 'Sun, 27 Nov 2016 15:47:13 GMT',
137 verbose headers   etag: 'W/"583b0001-1d1ac"',
137 verbose headers   'content-encoding': 'gzip',
137 verbose headers   'cache-control': 'max-age=300',
137 verbose headers   'content-length': '15029',
137 verbose headers   'accept-ranges': 'bytes',
137 verbose headers   date: 'Sun, 27 Nov 2016 22:11:48 GMT',
137 verbose headers   via: '1.1 varnish',
137 verbose headers   age: '196',
137 verbose headers   connection: 'keep-alive',
137 verbose headers   'x-served-by': 'cache-fra1223-FRA',
137 verbose headers   'x-cache': 'HIT',
137 verbose headers   'x-cache-hits': '8',
137 verbose headers   'x-timer': 'S1480284708.317403,VS0,VE0',
137 verbose headers   vary: 'Accept-Encoding' }
138 silly get cb [ 200,
138 silly get   { server: 'nginx/1.10.1',
138 silly get     'content-type': 'application/json',
138 silly get     'last-modified': 'Sun, 27 Nov 2016 15:47:13 GMT',
138 silly get     etag: 'W/"583b0001-1d1ac"',
138 silly get     'content-encoding': 'gzip',
138 silly get     'cache-control': 'max-age=300',
138 silly get     'content-length': '15029',
138 silly get     'accept-ranges': 'bytes',
138 silly get     date: 'Sun, 27 Nov 2016 22:11:48 GMT',
138 silly get     via: '1.1 varnish',
138 silly get     age: '196',
138 silly get     connection: 'keep-alive',
138 silly get     'x-served-by': 'cache-fra1223-FRA',
138 silly get     'x-cache': 'HIT',
138 silly get     'x-cache-hits': '8',
138 silly get     'x-timer': 'S1480284708.317403,VS0,VE0',
138 silly get     vary: 'Accept-Encoding' } ]
139 verbose get saving async to /home/karel/.npm/registry.npmjs.org/async/.cache.json
140 verbose correctMkdir /home/karel/.npm correctMkdir not in flight; initializing
141 silly addNameRange number 2 { name: 'async', range: '>=0.2.9 <0.3.0', hasData: true }
142 silly addNameRange versions [ 'async',
142 silly addNameRange   [ '0.1.0',
142 silly addNameRange     '0.1.1',
142 silly addNameRange     '0.1.2',
142 silly addNameRange     '0.1.3',
142 silly addNameRange     '0.1.4',
142 silly addNameRange     '0.1.5',
142 silly addNameRange     '0.1.6',
142 silly addNameRange     '0.1.7',
142 silly addNameRange     '0.1.8',
142 silly addNameRange     '0.1.9',
142 silly addNameRange     '0.1.10',
142 silly addNameRange     '0.1.11',
142 silly addNameRange     '0.1.12',
142 silly addNameRange     '0.1.13',
142 silly addNameRange     '0.1.14',
142 silly addNameRange     '0.1.15',
142 silly addNameRange     '0.1.16',
142 silly addNameRange     '0.1.17',
142 silly addNameRange     '0.1.18',
142 silly addNameRange     '0.1.19',
142 silly addNameRange     '0.1.20',
142 silly addNameRange     '0.1.21',
142 silly addNameRange     '0.1.22',
142 silly addNameRange     '0.2.0',
142 silly addNameRange     '0.2.1',
142 silly addNameRange     '0.2.2',
142 silly addNameRange     '0.2.3',
142 silly addNameRange     '0.2.4',
142 silly addNameRange     '0.2.5',
142 silly addNameRange     '0.2.6',
142 silly addNameRange     '0.2.7',
142 silly addNameRange     '0.2.8',
142 silly addNameRange     '0.2.9',
142 silly addNameRange     '0.2.10',
142 silly addNameRange     '0.3.0',
142 silly addNameRange     '0.4.0',
142 silly addNameRange     '0.4.1',
142 silly addNameRange     '0.5.0',
142 silly addNameRange     '0.6.0',
142 silly addNameRange     '0.6.1',
142 silly addNameRange     '0.6.2',
142 silly addNameRange     '0.7.0',
142 silly addNameRange     '0.8.0',
142 silly addNameRange     '0.9.0',
142 silly addNameRange     '0.9.2',
142 silly addNameRange     '1.0.0',
142 silly addNameRange     '1.1.0',
142 silly addNameRange     '1.2.0',
142 silly addNameRange     '1.1.1',
142 silly addNameRange     '1.2.1',
142 silly addNameRange     '1.3.0',
142 silly addNameRange     '1.4.0',
142 silly addNameRange     '1.4.1',
142 silly addNameRange     '1.4.2',
142 silly addNameRange     '1.5.0',
142 silly addNameRange     '1.5.1',
142 silly addNameRange     '1.5.2',
142 silly addNameRange     '2.0.0-alpha.0',
142 silly addNameRange     '2.0.0-rc.1',
142 silly addNameRange     '2.0.0-rc.2',
142 silly addNameRange     '2.0.0-rc.3',
142 silly addNameRange     '2.0.0-rc.4',
142 silly addNameRange     '2.0.0-rc.5',
142 silly addNameRange     '2.0.0-rc.6',
142 silly addNameRange     '2.0.0',
142 silly addNameRange     '2.0.1',
142 silly addNameRange     '2.1.0',
142 silly addNameRange     '2.1.1',
142 silly addNameRange     '2.1.2',
142 silly addNameRange     '2.1.4' ] ]
143 silly addNamed async@0.2.10
144 verbose addNamed "0.2.10" is a plain semver version for async
145 silly cache afterAdd async@0.2.10
146 verbose afterAdd /home/karel/.npm/async/0.2.10/package/package.json not in flight; writing
147 verbose correctMkdir /home/karel/.npm correctMkdir not in flight; initializing
148 verbose afterAdd /home/karel/.npm/async/0.2.10/package/package.json written
149 silly install resolved [ { name: 'async',
149 silly install resolved     description: 'Higher-order functions and common patterns for asynchronous code',
149 silly install resolved     main: './lib/async',
149 silly install resolved     author: { name: 'Caolan McMahon' },
149 silly install resolved     version: '0.2.10',
149 silly install resolved     repository: { type: 'git', url: 'git+https://github.com/caolan/async.git' },
149 silly install resolved     bugs: { url: 'https://github.com/caolan/async/issues' },
149 silly install resolved     licenses: [ [Object] ],
149 silly install resolved     devDependencies: { nodeunit: '>0.0.0', 'uglify-js': '1.2.x', nodelint: '>0.0.0' },
149 silly install resolved     jam: { main: 'lib/async.js', include: [Object] },
149 silly install resolved     scripts: { test: 'nodeunit test/test-async.js' },
149 silly install resolved     _id: 'async@0.2.10',
149 silly install resolved     dist:
149 silly install resolved      { shasum: 'b6bbe0b0674b9d719708ca38de8c237cb526c3d1',
149 silly install resolved        tarball: 'https://registry.npmjs.org/async/-/async-0.2.10.tgz' },
149 silly install resolved     _from: 'async@>=0.2.9 <0.3.0',
149 silly install resolved     _npmVersion: '1.3.2',
149 silly install resolved     _npmUser: { name: 'caolan', email: 'caolan.mcmahon@gmail.com' },
149 silly install resolved     maintainers: [ [Object] ],
149 silly install resolved     directories: {},
149 silly install resolved     _shasum: 'b6bbe0b0674b9d719708ca38de8c237cb526c3d1',
149 silly install resolved     _resolved: 'https://registry.npmjs.org/async/-/async-0.2.10.tgz',
149 silly install resolved     readme: 'ERROR: No README data found!',
149 silly install resolved     homepage: 'https://github.com/caolan/async#readme' } ]
150 info install async@0.2.10 into /var/www/html/zs-hroznova/wp-content/themes/zs-hroznova/node_modules/grunt-contrib-jade-php
151 info installOne async@0.2.10
152 verbose installOne of async to /var/www/html/zs-hroznova/wp-content/themes/zs-hroznova/node_modules/grunt-contrib-jade-php not in flight; installing
153 verbose correctMkdir /home/karel/.npm/_locks correctMkdir not in flight; initializing
154 verbose lock using /home/karel/.npm/_locks/async-7c9554410934f922.lock for /var/www/html/zs-hroznova/wp-content/themes/zs-hroznova/node_modules/grunt-contrib-jade-php/node_modules/async
155 silly install write writing async 0.2.10 to /var/www/html/zs-hroznova/wp-content/themes/zs-hroznova/node_modules/grunt-contrib-jade-php/node_modules/async
156 verbose unbuild node_modules/grunt-contrib-jade-php/node_modules/async
157 silly gentlyRm /var/www/html/zs-hroznova/wp-content/themes/zs-hroznova/node_modules/grunt-contrib-jade-php/node_modules/async is being purged from base /var/www/html/zs-hroznova/wp-content/themes/zs-hroznova
158 verbose gentlyRm don't care about contents; nuking /var/www/html/zs-hroznova/wp-content/themes/zs-hroznova/node_modules/grunt-contrib-jade-php/node_modules/async
159 verbose tar unpack /home/karel/.npm/async/0.2.10/package.tgz
160 verbose tar unpacking to /var/www/html/zs-hroznova/wp-content/themes/zs-hroznova/node_modules/grunt-contrib-jade-php/node_modules/async
161 silly gentlyRm /var/www/html/zs-hroznova/wp-content/themes/zs-hroznova/node_modules/grunt-contrib-jade-php/node_modules/async is being purged
162 verbose gentlyRm don't care about contents; nuking /var/www/html/zs-hroznova/wp-content/themes/zs-hroznova/node_modules/grunt-contrib-jade-php/node_modules/async
163 silly gunzTarPerm modes [ '775', '664' ]
164 silly gunzTarPerm extractEntry package.json
165 silly gunzTarPerm modified mode [ 'package.json', 420, 436 ]
166 silly gunzTarPerm extractEntry README.md
167 silly gunzTarPerm modified mode [ 'README.md', 420, 436 ]
168 silly gunzTarPerm extractEntry LICENSE
169 silly gunzTarPerm modified mode [ 'LICENSE', 420, 436 ]
170 silly gunzTarPerm extractEntry component.json
171 silly gunzTarPerm modified mode [ 'component.json', 420, 436 ]
172 silly gunzTarPerm extractEntry lib/async.js
173 silly gunzTarPerm modified mode [ 'lib/async.js', 493, 509 ]
174 verbose write writing to /var/www/html/zs-hroznova/wp-content/themes/zs-hroznova/node_modules/grunt-contrib-jade-php/node_modules/async/package.json
175 info preinstall async@0.2.10
176 verbose readDependencies loading dependencies from /var/www/html/zs-hroznova/wp-content/themes/zs-hroznova/node_modules/grunt-contrib-jade-php/node_modules/async/package.json
177 verbose readDependencies loading dependencies from /var/www/html/zs-hroznova/wp-content/themes/zs-hroznova/node_modules/grunt-contrib-jade-php/node_modules/async/package.json
178 silly install resolved []
179 verbose about to build /var/www/html/zs-hroznova/wp-content/themes/zs-hroznova/node_modules/grunt-contrib-jade-php/node_modules/async
180 info build /var/www/html/zs-hroznova/wp-content/themes/zs-hroznova/node_modules/grunt-contrib-jade-php/node_modules/async
181 info linkStuff async@0.2.10
182 silly linkStuff async@0.2.10 has /var/www/html/zs-hroznova/wp-content/themes/zs-hroznova/node_modules/grunt-contrib-jade-php/node_modules as its parent node_modules
183 verbose linkBins async@0.2.10
184 verbose linkMans async@0.2.10
185 verbose rebuildBundles async@0.2.10
186 info install async@0.2.10
187 info postinstall async@0.2.10
188 verbose unlock done using /home/karel/.npm/_locks/async-7c9554410934f922.lock for /var/www/html/zs-hroznova/wp-content/themes/zs-hroznova/node_modules/grunt-contrib-jade-php/node_modules/async
189 verbose about to build /var/www/html/zs-hroznova/wp-content/themes/zs-hroznova/node_modules/grunt-contrib-jade-php
190 info build /var/www/html/zs-hroznova/wp-content/themes/zs-hroznova/node_modules/grunt-contrib-jade-php
191 info linkStuff grunt-contrib-jade-php@0.0.5
192 silly linkStuff grunt-contrib-jade-php@0.0.5 has /var/www/html/zs-hroznova/wp-content/themes/zs-hroznova/node_modules as its parent node_modules
193 verbose linkBins grunt-contrib-jade-php@0.0.5
194 verbose linkMans grunt-contrib-jade-php@0.0.5
195 verbose rebuildBundles grunt-contrib-jade-php@0.0.5
196 verbose rebuildBundles [ 'async' ]
197 info install grunt-contrib-jade-php@0.0.5
198 verbose unsafe-perm in lifecycle true
199 info grunt-contrib-jade-php@0.0.5 Failed to exec install script
200 verbose unlock done using /home/karel/.npm/_locks/grunt-contrib-jade-php-8887cab66ec9f60f.lock for /var/www/html/zs-hroznova/wp-content/themes/zs-hroznova/node_modules/grunt-contrib-jade-php
201 verbose stack Error: grunt-contrib-jade-php@0.0.5 install: `composer update`
201 verbose stack spawn ENOENT
201 verbose stack     at ChildProcess.<anonymous> (/usr/lib/node_modules/npm/lib/utils/spawn.js:17:16)
201 verbose stack     at emitTwo (events.js:87:13)
201 verbose stack     at ChildProcess.emit (events.js:172:7)
201 verbose stack     at maybeClose (internal/child_process.js:854:16)
201 verbose stack     at Process.ChildProcess._handle.onexit (internal/child_process.js:222:5)
202 verbose pkgid grunt-contrib-jade-php@0.0.5
203 verbose cwd /var/www/html/zs-hroznova/wp-content/themes/zs-hroznova
204 error Linux 4.4.0-47-generic
205 error argv "/usr/bin/nodejs" "/usr/bin/npm" "install" "grunt-contrib-jade-php" "--save-dev"
206 error node v4.6.2
207 error npm  v2.15.11
208 error file sh
209 error code ELIFECYCLE
210 error errno ENOENT
211 error syscall spawn
212 error grunt-contrib-jade-php@0.0.5 install: `composer update`
212 error spawn ENOENT
213 error Failed at the grunt-contrib-jade-php@0.0.5 install script 'composer update'.
213 error This is most likely a problem with the grunt-contrib-jade-php package,
213 error not with npm itself.
213 error Tell the author that this fails on your system:
213 error     composer update
213 error You can get information on how to open an issue for this project with:
213 error     npm bugs grunt-contrib-jade-php
213 error Or if that isn't available, you can get their info via:
213 error
213 error     npm owner ls grunt-contrib-jade-php
213 error There is likely additional logging output above.
214 verbose exit [ 1, true ]
215 verbose unbuild node_modules/grunt-contrib-jade-php
216 info preuninstall grunt-contrib-jade-php@0.0.5
217 info uninstall grunt-contrib-jade-php@0.0.5
218 verbose unbuild rmStuff grunt-contrib-jade-php@0.0.5 from /var/www/html/zs-hroznova/wp-content/themes/zs-hroznova/node_modules
219 info postuninstall grunt-contrib-jade-php@0.0.5
220 silly gentlyRm /var/www/html/zs-hroznova/wp-content/themes/zs-hroznova/node_modules/grunt-contrib-jade-php is being purged from base /var/www/html/zs-hroznova/wp-content/themes/zs-hroznova
221 verbose gentlyRm don't care about contents; nuking /var/www/html/zs-hroznova/wp-content/themes/zs-hroznova/node_modules/grunt-contrib-jade-php
222 silly vacuum-fs purging /var/www/html/zs-hroznova/wp-content/themes/zs-hroznova/node_modules/grunt-contrib-jade-php
223 silly vacuum-fs quitting because other entries in /var/www/html/zs-hroznova/wp-content/themes/zs-hroznova/node_modules
